0 info it worked if it ends with ok
1 verbose cli [ 'node', '/usr/local/bin/npm', 'install', 'Canvas' ]
2 info using npm@2.1.4
3 info using node@v0.10.28
4 warn package.json fontkit@1.0.2 No repository field.
5 silly cache add args [ 'Canvas', null ]
6 verbose cache add spec Canvas
7 silly cache add parsed spec { raw: 'Canvas',
7 silly cache add   scope: null,
7 silly cache add   name: 'Canvas',
7 silly cache add   rawSpec: '',
7 silly cache add   spec: '*',
7 silly cache add   type: 'range' }
8 verbose addNamed Canvas@*
9 silly addNamed semver.valid null
10 silly addNamed semver.validRange *
11 silly addNameRange { name: 'Canvas', range: '*', hasData: false }
12 verbose mapToRegistry name Canvas
13 verbose mapToRegistry uri https://registry.npmjs.org/Canvas
14 verbose addNameRange registry:https://registry.npmjs.org/Canvas not in flight; fetching
15 verbose request on initialization, where is /Canvas
16 verbose request after pass 1, where is /Canvas
17 verbose request url raw /Canvas
18 verbose request resolving registry [ 'https://registry.npmjs.org/', './Canvas' ]
19 verbose request after pass 2, where is https://registry.npmjs.org/Canvas
20 verbose request no auth needed
21 info attempt registry request try #1 at 19:54:39
22 verbose request id 0e556a18e2a0b350
23 verbose etag "30RGNMFF04IG85ZLQFF7KWYRT"
24 http request GET https://registry.npmjs.org/Canvas
25 http 404 https://registry.npmjs.org/Canvas
26 verbose headers { date: 'Tue, 23 Dec 2014 00:54:39 GMT',
26 verbose headers   server: 'CouchDB/1.5.0 (Erlang OTP/R16B03)',
26 verbose headers   'content-type': 'application/json',
26 verbose headers   'cache-control': 'max-age=0',
26 verbose headers   'content-length': '52',
26 verbose headers   'accept-ranges': 'bytes',
26 verbose headers   via: '1.1 varnish',
26 verbose headers   age: '0',
26 verbose headers   'x-served-by': 'cache-jfk1020-JFK',
26 verbose headers   'x-cache': 'MISS',
26 verbose headers   'x-cache-hits': '0',
26 verbose headers   'x-timer': 'S1419296079.118388,VS0,VE89',
26 verbose headers   'keep-alive': 'timeout=10, max=50',
26 verbose headers   connection: 'Keep-Alive' }
27 silly registry.get cb [ 304, undefined ]
28 verbose etag https://registry.npmjs.org/Canvas from cache
29 silly addNameRange number 2 { name: 'Canvas', range: '*', hasData: true }
30 silly addNameRange versions [ 'canvas',
30 silly addNameRange   [ '0.0.1',
30 silly addNameRange     '0.0.2',
30 silly addNameRange     '0.0.3',
30 silly addNameRange     '0.0.4',
30 silly addNameRange     '0.0.5',
30 silly addNameRange     '0.0.6',
30 silly addNameRange     '0.0.7',
30 silly addNameRange     '0.0.8',
30 silly addNameRange     '0.1.0',
30 silly addNameRange     '0.2.0',
30 silly addNameRange     '0.2.1',
30 silly addNameRange     '0.3.0',
30 silly addNameRange     '0.3.1',
30 silly addNameRange     '0.3.2',
30 silly addNameRange     '0.3.3',
30 silly addNameRange     '0.4.0',
30 silly addNameRange     '0.4.1',
30 silly addNameRange     '0.4.2',
30 silly addNameRange     '0.4.3',
30 silly addNameRange     '0.5.0',
30 silly addNameRange     '0.5.1',
30 silly addNameRange     '0.5.2',
30 silly addNameRange     '0.5.3',
30 silly addNameRange     '0.5.4',
30 silly addNameRange     '0.6.0',
30 silly addNameRange     '0.7.0',
30 silly addNameRange     '0.7.1',
30 silly addNameRange     '0.7.2',
30 silly addNameRange     '0.7.3',
30 silly addNameRange     '0.8.0',
30 silly addNameRange     '0.8.1',
30 silly addNameRange     '0.8.2',
30 silly addNameRange     '0.8.3',
30 silly addNameRange     '0.9.0',
30 silly addNameRange     '0.10.0',
30 silly addNameRange     '0.10.1',
30 silly addNameRange     '0.10.2',
30 silly addNameRange     '0.10.3',
30 silly addNameRange     '0.11.0',
30 silly addNameRange     '0.11.1',
30 silly addNameRange     '0.11.2',
30 silly addNameRange     '0.11.3',
30 silly addNameRange     '0.12.0',
30 silly addNameRange     '0.12.1',
30 silly addNameRange     '0.13.0',
30 silly addNameRange     '0.13.1',
30 silly addNameRange     '1.0.0',
30 silly addNameRange     '1.0.1',
30 silly addNameRange     '1.0.2',
30 silly addNameRange     '1.0.3',
30 silly addNameRange     '1.0.4',
30 silly addNameRange     '1.1.0',
30 silly addNameRange     '1.1.1',
30 silly addNameRange     '1.1.2',
30 silly addNameRange     '1.1.3',
30 silly addNameRange     '1.1.4',
30 silly addNameRange     '1.1.5',
30 silly addNameRange     '1.1.6' ] ]
31 verbose addNamed Canvas@1.1.6
32 silly addNamed semver.valid 1.1.6
33 silly addNamed semver.validRange 1.1.6
34 silly cache afterAdd canvas@1.1.6
35 verbose afterAdd /Users/nathangrotticelli/.npm/canvas/1.1.6/package/package.json not in flight; writing
36 verbose afterAdd /Users/nathangrotticelli/.npm/canvas/1.1.6/package/package.json written
37 silly install resolved [ { name: 'canvas',
37 silly install resolved     description: 'Canvas graphics API backed by Cairo',
37 silly install resolved     version: '1.1.6',
37 silly install resolved     author: { name: 'TJ Holowaychuk', email: 'tj@learnboost.com' },
37 silly install resolved     contributors: [ [Object], [Object], [Object] ],
37 silly install resolved     keywords:
37 silly install resolved      [ 'canvas',
37 silly install resolved        'graphic',
37 silly install resolved        'graphics',
37 silly install resolved        'pixman',
37 silly install resolved        'cairo',
37 silly install resolved        'image',
37 silly install resolved        'images',
37 silly install resolved        'pdf' ],
37 silly install resolved     homepage: 'https://github.com/learnboost/node-canvas',
37 silly install resolved     repository: { type: 'git', url: 'git://github.com/learnboost/node-canvas' },
37 silly install resolved     scripts: { test: 'make test', install: 'node-gyp rebuild' },
37 silly install resolved     dependencies: { nan: '~1.2.0' },
37 silly install resolved     devDependencies: { express: '3.0', jade: '0.28.1', mocha: '*', should: '*' },
37 silly install resolved     engines: { node: '>= 0.6.0' },
37 silly install resolved     main: './lib/canvas.js',
37 silly install resolved     gypfile: true,
37 silly install resolved     gitHead: '138abe9aa30b75e8406ceddd9177bff20ac44ceb',
37 silly install resolved     bugs: { url: 'https://github.com/learnboost/node-canvas/issues' },
37 silly install resolved     _id: 'canvas@1.1.6',
37 silly install resolved     _shasum: 'd84b088f3bcd3840fe14977cd3625f5fe89f81ee',
37 silly install resolved     _from: 'Canvas@*',
37 silly install resolved     _npmVersion: '1.4.21',
37 silly install resolved     _npmUser: { name: 'tootallnate', email: 'nathan@tootallnate.net' },
37 silly install resolved     maintainers: [ [Object], [Object], [Object], [Object] ],
37 silly install resolved     dist:
37 silly install resolved      { shasum: 'd84b088f3bcd3840fe14977cd3625f5fe89f81ee',
37 silly install resolved        tarball: 'http://registry.npmjs.org/canvas/-/canvas-1.1.6.tgz' },
37 silly install resolved     directories: {},
37 silly install resolved     _resolved: 'https://registry.npmjs.org/canvas/-/canvas-1.1.6.tgz',
37 silly install resolved     readme: 'ERROR: No README data found!' } ]
38 info install canvas@1.1.6 into /Users/nathangrotticelli/Desktop/pdfTest
39 info installOne canvas@1.1.6
40 verbose installOne of canvas to /Users/nathangrotticelli/Desktop/pdfTest not in flight; installing
41 verbose lock using /Users/nathangrotticelli/.npm/_locks/canvas-4b9c9507408a96d5.lock for /Users/nathangrotticelli/Desktop/pdfTest/node_modules/canvas
42 silly install write writing canvas 1.1.6 to /Users/nathangrotticelli/Desktop/pdfTest/node_modules/canvas
43 silly cache addNamed cb canvas@1.1.6
44 verbose unbuild node_modules/canvas
45 verbose gentlyRm vacuuming /Users/nathangrotticelli/Desktop/pdfTest/node_modules/canvas
46 verbose tar unpack /Users/nathangrotticelli/.npm/canvas/1.1.6/package.tgz
47 verbose tar unpacking to /Users/nathangrotticelli/Desktop/pdfTest/node_modules/canvas
48 verbose gentlyRm vacuuming /Users/nathangrotticelli/Desktop/pdfTest/node_modules/canvas
49 silly gunzTarPerm modes [ '755', '644' ]
50 silly gunzTarPerm extractEntry package.json
51 silly gunzTarPerm extractEntry .npmignore
52 silly gunzTarPerm extractEntry index.js
53 silly gunzTarPerm extractEntry History.md
54 silly gunzTarPerm extractEntry Makefile
55 silly gunzTarPerm extractEntry Readme.md
56 silly gunzTarPerm extractEntry binding.gyp
57 silly gunzTarPerm extractEntry .gitmodules
58 silly gunzTarPerm extractEntry install
59 silly gunzTarPerm extractEntry lib/bindings.js
60 silly gunzTarPerm extractEntry lib/canvas.js
61 silly gunzTarPerm extractEntry lib/context2d.js
62 silly gunzTarPerm extractEntry lib/image.js
63 silly gunzTarPerm extractEntry lib/jpegstream.js
64 silly gunzTarPerm extractEntry lib/pixelarray.js
65 silly gunzTarPerm extractEntry lib/pngstream.js
66 silly gunzTarPerm extractEntry src/Image.h
67 silly gunzTarPerm extractEntry src/Canvas.cc
68 silly gunzTarPerm extractEntry src/CanvasGradient.cc
69 silly gunzTarPerm extractEntry src/CanvasGradient.h
70 silly gunzTarPerm extractEntry src/CanvasPattern.cc
71 silly gunzTarPerm extractEntry src/CanvasPattern.h
72 silly gunzTarPerm extractEntry src/CanvasRenderingContext2d.cc
73 silly gunzTarPerm extractEntry src/CanvasRenderingContext2d.h
74 silly gunzTarPerm extractEntry src/FontFace.cc
75 silly gunzTarPerm extractEntry src/FontFace.h
76 silly gunzTarPerm extractEntry src/Image.cc
77 silly gunzTarPerm extractEntry src/Canvas.h
78 silly gunzTarPerm extractEntry src/ImageData.cc
79 silly gunzTarPerm extractEntry src/ImageData.h
80 silly gunzTarPerm extractEntry src/JPEGStream.h
81 silly gunzTarPerm extractEntry src/PNG.h
82 silly gunzTarPerm extractEntry src/PixelArray.cc
83 silly gunzTarPerm extractEntry src/PixelArray.h
84 silly gunzTarPerm extractEntry src/Point.h
85 silly gunzTarPerm extractEntry src/closure.h
86 silly gunzTarPerm extractEntry src/color.cc
87 silly gunzTarPerm extractEntry src/color.h
88 silly gunzTarPerm extractEntry src/init.cc
89 silly gunzTarPerm extractEntry .travis.yml
90 silly gunzTarPerm extractEntry util/cairo_include.sh
91 silly gunzTarPerm extractEntry util/has_cairo_freetype.sh
92 silly gunzTarPerm extractEntry util/has_lib.sh
93 silly gunzTarPerm extractEntry util/lib_lookup.sh
94 info preinstall canvas@1.1.6
95 silly prepareForInstallMany adding nan@~1.2.0 from canvas dependencies
96 silly cache add args [ 'nan@~1.2.0', null ]
97 verbose cache add spec nan@~1.2.0
98 silly cache add parsed spec { raw: 'nan@~1.2.0',
98 silly cache add   scope: null,
98 silly cache add   name: 'nan',
98 silly cache add   rawSpec: '~1.2.0',
98 silly cache add   spec: '>=1.2.0 <1.3.0',
98 silly cache add   type: 'range' }
99 verbose addNamed nan@>=1.2.0 <1.3.0
100 silly addNamed semver.valid null
101 silly addNamed semver.validRange >=1.2.0 <1.3.0
102 silly addNameRange { name: 'nan', range: '>=1.2.0 <1.3.0', hasData: false }
103 verbose mapToRegistry name nan
104 verbose mapToRegistry uri https://registry.npmjs.org/nan
105 verbose addNameRange registry:https://registry.npmjs.org/nan not in flight; fetching
106 verbose request on initialization, where is /nan
107 verbose request after pass 1, where is /nan
108 verbose request url raw /nan
109 verbose request resolving registry [ 'https://registry.npmjs.org/', './nan' ]
110 verbose request after pass 2, where is https://registry.npmjs.org/nan
111 verbose request no auth needed
112 info attempt registry request try #1 at 19:54:39
113 verbose etag "BASL4AHUZL2X9BYWJN23MGK84"
114 http request GET https://registry.npmjs.org/nan
115 http 304 https://registry.npmjs.org/nan
116 silly registry.get cb [ 304,
116 silly registry.get   { date: 'Tue, 23 Dec 2014 00:54:39 GMT',
116 silly registry.get     server: 'Apache',
116 silly registry.get     via: '1.1 varnish',
116 silly registry.get     'last-modified': 'Tue, 23 Dec 2014 00:53:55 GMT',
116 silly registry.get     'cache-control': 'max-age=60',
116 silly registry.get     etag: '"BASL4AHUZL2X9BYWJN23MGK84"',
116 silly registry.get     age: '44',
116 silly registry.get     'x-served-by': 'cache-jfk1033-JFK',
116 silly registry.get     'x-cache': 'HIT',
116 silly registry.get     'x-cache-hits': '2',
116 silly registry.get     'x-timer': 'S1419296079.415126,VS0,VE0',
116 silly registry.get     vary: 'Accept',
116 silly registry.get     'content-length': '0',
116 silly registry.get     'keep-alive': 'timeout=10, max=50',
116 silly registry.get     connection: 'Keep-Alive' } ]
117 verbose etag https://registry.npmjs.org/nan from cache
118 silly addNameRange number 2 { name: 'nan', range: '>=1.2.0 <1.3.0', hasData: true }
119 silly addNameRange versions [ 'nan',
119 silly addNameRange   [ '0.3.0-wip',
119 silly addNameRange     '0.3.0-wip2',
119 silly addNameRange     '0.3.0',
119 silly addNameRange     '0.3.1',
119 silly addNameRange     '0.3.2',
119 silly addNameRange     '0.4.0',
119 silly addNameRange     '0.4.1',
119 silly addNameRange     '0.4.2',
119 silly addNameRange     '0.4.3',
119 silly addNameRange     '0.4.4',
119 silly addNameRange     '0.5.0',
119 silly addNameRange     '0.5.1',
119 silly addNameRange     '0.5.2',
119 silly addNameRange     '0.6.0',
119 silly addNameRange     '0.7.0',
119 silly addNameRange     '0.7.1',
119 silly addNameRange     '0.8.0',
119 silly addNameRange     '1.0.0',
119 silly addNameRange     '1.1.0',
119 silly addNameRange     '1.1.1',
119 silly addNameRange     '1.1.2',
119 silly addNameRange     '1.2.0',
119 silly addNameRange     '1.3.0',
119 silly addNameRange     '1.4.0',
119 silly addNameRange     '1.4.1' ] ]
120 verbose addNamed nan@1.2.0
121 silly addNamed semver.valid 1.2.0
122 silly addNamed semver.validRange 1.2.0
123 silly cache afterAdd nan@1.2.0
124 verbose afterAdd /Users/nathangrotticelli/.npm/nan/1.2.0/package/package.json not in flight; writing
125 verbose afterAdd /Users/nathangrotticelli/.npm/nan/1.2.0/package/package.json written
126 silly install resolved [ { name: 'nan',
126 silly install resolved     version: '1.2.0',
126 silly install resolved     description: 'Native Abstractions for Node.js: C++ header for Node 0.8->0.12 compatibility',
126 silly install resolved     main: 'include_dirs.js',
126 silly install resolved     repository: { type: 'git', url: 'git://github.com/rvagg/nan.git' },
126 silly install resolved     contributors: [ [Object], [Object], [Object], [Object], [Object], [Object] ],
126 silly install resolved     license: 'MIT',
126 silly install resolved     bugs: { url: 'https://github.com/rvagg/nan/issues' },
126 silly install resolved     homepage: 'https://github.com/rvagg/nan',
126 silly install resolved     _id: 'nan@1.2.0',
126 silly install resolved     dist:
126 silly install resolved      { shasum: '9c4d63ce9e4f8e95de2d574e18f7925554a8a8ef',
126 silly install resolved        tarball: 'http://registry.npmjs.org/nan/-/nan-1.2.0.tgz' },
126 silly install resolved     _from: 'nan@>=1.2.0 <1.3.0',
126 silly install resolved     _npmVersion: '1.4.3',
126 silly install resolved     _npmUser: { name: 'rvagg', email: 'rod@vagg.org' },
126 silly install resolved     maintainers: [ [Object] ],
126 silly install resolved     directories: {},
126 silly install resolved     _shasum: '9c4d63ce9e4f8e95de2d574e18f7925554a8a8ef',
126 silly install resolved     _resolved: 'https://registry.npmjs.org/nan/-/nan-1.2.0.tgz',
126 silly install resolved     readme: 'ERROR: No README data found!' } ]
127 info install nan@1.2.0 into /Users/nathangrotticelli/Desktop/pdfTest/node_modules/canvas
128 info installOne nan@1.2.0
129 verbose installOne of nan to /Users/nathangrotticelli/Desktop/pdfTest/node_modules/canvas not in flight; installing
130 verbose lock using /Users/nathangrotticelli/.npm/_locks/nan-e874c3b190dd9f1a.lock for /Users/nathangrotticelli/Desktop/pdfTest/node_modules/canvas/node_modules/nan
131 silly install write writing nan 1.2.0 to /Users/nathangrotticelli/Desktop/pdfTest/node_modules/canvas/node_modules/nan
132 silly cache addNamed cb nan@1.2.0
133 verbose unbuild node_modules/canvas/node_modules/nan
134 verbose gentlyRm vacuuming /Users/nathangrotticelli/Desktop/pdfTest/node_modules/canvas/node_modules/nan
135 verbose tar unpack /Users/nathangrotticelli/.npm/nan/1.2.0/package.tgz
136 verbose tar unpacking to /Users/nathangrotticelli/Desktop/pdfTest/node_modules/canvas/node_modules/nan
137 verbose gentlyRm vacuuming /Users/nathangrotticelli/Desktop/pdfTest/node_modules/canvas/node_modules/nan
138 silly gunzTarPerm modes [ '755', '644' ]
139 silly gunzTarPerm extractEntry package.json
140 silly gunzTarPerm extractEntry README.md
141 silly gunzTarPerm extractEntry LICENSE
142 silly gunzTarPerm extractEntry include_dirs.js
143 silly gunzTarPerm extractEntry .dntrc
144 silly gunzTarPerm extractEntry build/config.gypi
145 silly gunzTarPerm extractEntry nan.h
146 info preinstall nan@1.2.0
147 silly install resolved []
148 verbose about to build /Users/nathangrotticelli/Desktop/pdfTest/node_modules/canvas/node_modules/nan
149 info build /Users/nathangrotticelli/Desktop/pdfTest/node_modules/canvas/node_modules/nan
150 verbose linkStuff [ false,
150 verbose linkStuff   false,
150 verbose linkStuff   false,
150 verbose linkStuff   '/Users/nathangrotticelli/Desktop/pdfTest/node_modules/canvas/node_modules' ]
151 info linkStuff nan@1.2.0
152 verbose linkBins nan@1.2.0
153 verbose linkMans nan@1.2.0
154 verbose rebuildBundles nan@1.2.0
155 info install nan@1.2.0
156 info postinstall nan@1.2.0
157 verbose unlock done using /Users/nathangrotticelli/.npm/_locks/nan-e874c3b190dd9f1a.lock for /Users/nathangrotticelli/Desktop/pdfTest/node_modules/canvas/node_modules/nan
158 verbose about to build /Users/nathangrotticelli/Desktop/pdfTest/node_modules/canvas
159 info build /Users/nathangrotticelli/Desktop/pdfTest/node_modules/canvas
160 verbose linkStuff [ false,
160 verbose linkStuff   false,
160 verbose linkStuff   false,
160 verbose linkStuff   '/Users/nathangrotticelli/Desktop/pdfTest/node_modules' ]
161 info linkStuff canvas@1.1.6
162 verbose linkBins canvas@1.1.6
163 verbose linkMans canvas@1.1.6
164 verbose rebuildBundles canvas@1.1.6
165 verbose rebuildBundles [ 'nan' ]
166 info install canvas@1.1.6
167 verbose unsafe-perm in lifecycle false
168 info canvas@1.1.6 Failed to exec install script
169 verbose unlock done using /Users/nathangrotticelli/.npm/_locks/canvas-4b9c9507408a96d5.lock for /Users/nathangrotticelli/Desktop/pdfTest/node_modules/canvas
170 verbose stack Error: canvas@1.1.6 install: `node-gyp rebuild`
170 verbose stack Exit status 1
170 verbose stack     at ChildProcess.<anonymous> (/usr/local/lib/node_modules/npm/lib/utils/lifecycle.js:212:16)
170 verbose stack     at ChildProcess.EventEmitter.emit (events.js:98:17)
170 verbose stack     at maybeClose (child_process.js:753:16)
170 verbose stack     at Process.ChildProcess._handle.onexit (child_process.js:820:5)
171 verbose pkgid canvas@1.1.6
172 verbose cwd /Users/nathangrotticelli/Desktop/pdfTest
173 error Darwin 14.0.0
174 error argv "node" "/usr/local/bin/npm" "install" "Canvas"
175 error node v0.10.28
176 error npm  v2.1.4
177 error code ELIFECYCLE
178 error canvas@1.1.6 install: `node-gyp rebuild`
178 error Exit status 1
179 error Failed at the canvas@1.1.6 install script.
179 error This is most likely a problem with the canvas package,
179 error not with npm itself.
179 error Tell the author that this fails on your system:
179 error     node-gyp rebuild
179 error You can get their info via:
179 error     npm owner ls canvas
179 error There is likely additional logging output above.
180 verbose exit [ 1, true ]
181 verbose unbuild node_modules/canvas
182 info preuninstall canvas@1.1.6
183 info uninstall canvas@1.1.6
184 verbose unbuild rmStuff canvas@1.1.6 from /Users/nathangrotticelli/Desktop/pdfTest/node_modules
185 info postuninstall canvas@1.1.6
186 verbose gentlyRm vacuuming /Users/nathangrotticelli/Desktop/pdfTest/node_modules/canvas
187 silly gentlyRm purging /Users/nathangrotticelli/Desktop/pdfTest/node_modules/canvas
188 silly gentlyRm quitting because other entries in /Users/nathangrotticelli/Desktop/pdfTest/node_modules
